mode: set
RESTApp/utils/mongodal/mongoDAL.go:92.55,97.2 2 0
RESTApp/utils/mongodal/mongoDAL.go:100.52,102.2 1 0
RESTApp/utils/mongodal/mongoDAL.go:108.53,114.2 2 0
RESTApp/utils/mongodal/mongoDAL.go:117.49,123.2 2 0
RESTApp/utils/mongodal/mongoDAL.go:126.64,128.2 1 0
RESTApp/utils/mongodal/mongoDAL.go:131.65,133.2 1 0
RESTApp/utils/mongodal/mongoDAL.go:136.68,138.2 1 0
RESTApp/utils/mongodal/mongoDAL.go:141.66,146.2 2 0
RESTApp/utils/mongodal/mongoDAL.go:149.85,151.2 1 0
RESTApp/utils/mongodal/mongoDAL.go:154.116,156.2 1 0
RESTApp/utils/mongodal/mongoDAL.go:159.113,161.2 1 0
RESTApp/utils/mongodal/mongoDAL.go:164.68,169.2 2 0
RESTApp/utils/mongodal/mongoDAL.go:172.55,174.2 1 0
RESTApp/utils/mongodal/mongoDAL.go:177.46,179.2 1 0
RESTApp/utils/mongodal/mongoDAL.go:182.55,184.2 1 0
RESTApp/utils/mongodal/mongoDAL.go:187.49,190.2 2 0
RESTApp/utils/mongodal/mongoDAL.go:193.60,196.2 2 0
RESTApp/utils/mongodal/mongoDAL.go:199.50,202.2 2 0
RESTApp/utils/mongodal/mongoDAL.go:205.95,207.2 1 0
RESTApp/utils/mongodal/mongoDAL.go:210.55,212.2 1 0
RESTApp/utils/mongodal/mongoDAL.go:215.54,217.2 1 0
RESTApp/utils/mongodal/mongoDAL.go:220.54,222.2 1 0
RESTApp/utils/mongodal/mongoDAL.go:225.42,230.2 2 0
RESTApp/utils/mongodal/mongoDAL.go:233.39,235.2 1 0
RESTApp/utils/mongodal/mongoDAL.go:238.37,240.2 1 0
RESTApp/utils/mongodal/mongoDAL.go:243.55,245.2 1 0
RESTApp/utils/mongodal/mongoDAL.go:248.40,250.2 1 0
RESTApp/dao/PlaneDao.go:16.70,22.16 5 1
RESTApp/dao/PlaneDao.go:25.2,26.8 2 1
RESTApp/dao/PlaneDao.go:22.16,24.3 1 0
RESTApp/dao/PlaneDao.go:30.72,36.2 5 1
RESTApp/dao/PlaneDao.go:39.75,45.2 5 1
RESTApp/dao/PlaneDao.go:48.71,53.16 5 1
RESTApp/dao/PlaneDao.go:56.2,56.13 1 1
RESTApp/dao/PlaneDao.go:53.16,55.3 1 1
RESTApp/dao/PlaneDao.go:60.70,64.23 4 1
RESTApp/dao/PlaneDao.go:67.2,67.13 1 0
RESTApp/dao/PlaneDao.go:64.23,66.3 1 1
RESTApp/dao/PlaneDao.go:71.81,77.2 5 1
RESTApp/dao/StudentDao.go:39.71,46.16 6 1
RESTApp/dao/StudentDao.go:50.2,50.12 1 1
RESTApp/dao/StudentDao.go:46.16,49.3 2 0
RESTApp/dao/StudentDao.go:54.63,59.42 4 1
RESTApp/dao/StudentDao.go:63.2,63.12 1 1
RESTApp/dao/StudentDao.go:59.42,62.3 1 1
RESTApp/dao/StudentDao.go:67.85,74.2 5 1
RESTApp/dao/StudentDao.go:77.79,82.2 4 1
RESTApp/dao/StudentDao.go:85.83,92.2 4 1
RESTApp/dao/StudentDao.go:95.66,102.2 3 0
RESTApp/utils/mongo/common.go:10.71,14.16 2 1
RESTApp/utils/mongo/common.go:19.2,19.21 1 1
RESTApp/utils/mongo/common.go:14.16,17.34 1 1
