mode: set
RESTApp/utils/mongodal/mongoDAL.go:92.55,97.2 2 0
RESTApp/utils/mongodal/mongoDAL.go:100.52,102.2 1 0
RESTApp/utils/mongodal/mongoDAL.go:108.53,114.2 2 0
RESTApp/utils/mongodal/mongoDAL.go:117.49,123.2 2 0
RESTApp/utils/mongodal/mongoDAL.go:126.64,128.2 1 0
RESTApp/utils/mongodal/mongoDAL.go:131.65,133.2 1 0
RESTApp/utils/mongodal/mongoDAL.go:136.68,138.2 1 0
RESTApp/utils/mongodal/mongoDAL.go:141.66,146.2 2 0
RESTApp/utils/mongodal/mongoDAL.go:149.85,151.2 1 0
RESTApp/utils/mongodal/mongoDAL.go:154.116,156.2 1 0
RESTApp/utils/mongodal/mongoDAL.go:159.113,161.2 1 0
RESTApp/utils/mongodal/mongoDAL.go:164.68,169.2 2 0
RESTApp/utils/mongodal/mongoDAL.go:172.55,174.2 1 0
RESTApp/utils/mongodal/mongoDAL.go:177.46,179.2 1 0
RESTApp/utils/mongodal/mongoDAL.go:182.55,184.2 1 0
RESTApp/utils/mongodal/mongoDAL.go:187.49,190.2 2 0
RESTApp/utils/mongodal/mongoDAL.go:193.60,196.2 2 0
RESTApp/utils/mongodal/mongoDAL.go:199.50,202.2 2 0
RESTApp/utils/mongodal/mongoDAL.go:205.95,207.2 1 0
RESTApp/utils/mongodal/mongoDAL.go:210.55,212.2 1 0
RESTApp/utils/mongodal/mongoDAL.go:215.54,217.2 1 0
RESTApp/utils/mongodal/mongoDAL.go:220.54,222.2 1 0
RESTApp/utils/mongodal/mongoDAL.go:225.42,230.2 2 0
RESTApp/utils/mongodal/mongoDAL.go:233.39,235.2 1 0
RESTApp/utils/mongodal/mongoDAL.go:238.37,240.2 1 0
RESTApp/utils/mongodal/mongoDAL.go:243.55,245.2 1 0
RESTApp/utils/mongodal/mongoDAL.go:248.40,250.2 1 0
