mode: set
RestApp/controller/controller.go:17.28,27.2 7 1
RestApp/controller/controller.go:31.57,32.22 1 1
RestApp/controller/controller.go:44.2,44.17 1 1
RestApp/controller/controller.go:32.22,34.15 2 0
RestApp/controller/controller.go:39.3,41.15 3 0
RestApp/controller/controller.go:34.15,36.4 1 0
RestApp/controller/controller.go:44.17,57.14 9 1
RestApp/controller/controller.go:61.3,63.15 3 1
RestApp/controller/controller.go:57.14,59.4 1 0
RestApp/controller/controller.go:70.54,72.22 1 1
RestApp/controller/controller.go:84.2,90.13 4 1
RestApp/controller/controller.go:95.2,99.18 4 1
RestApp/controller/controller.go:72.22,76.15 2 0
RestApp/controller/controller.go:79.3,81.15 3 0
RestApp/controller/controller.go:76.15,78.4 1 0
RestApp/controller/controller.go:90.13,92.3 1 0
RestApp/controller/controller.go:102.55,105.23 1 1
RestApp/controller/controller.go:112.2,112.18 1 1
RestApp/controller/controller.go:105.23,111.3 4 0
RestApp/controller/controller.go:112.18,117.16 4 1
RestApp/controller/controller.go:117.16,123.4 5 1
RestApp/controller/controller.go:127.59,128.25 1 1
RestApp/controller/controller.go:139.2,139.18 1 1
RestApp/controller/controller.go:128.25,130.16 2 0
RestApp/controller/controller.go:133.3,135.20 3 0
RestApp/controller/controller.go:130.16,132.4 1 0
RestApp/controller/controller.go:139.18,154.15 5 1
RestApp/controller/controller.go:159.3,161.20 3 1
RestApp/controller/controller.go:154.15,157.4 2 0
RestApp/controller/controller.go:166.61,167.22 1 1
RestApp/controller/controller.go:182.2,196.15 3 1
RestApp/controller/controller.go:201.2,205.19 4 1
RestApp/controller/controller.go:167.22,170.15 2 0
RestApp/controller/controller.go:174.3,176.20 3 0
RestApp/controller/controller.go:170.15,172.4 1 0
RestApp/controller/controller.go:196.15,198.3 1 0
