mode: set
RestApp/controller/controller.go:17.28,24.2 5 0
RestApp/controller/controller.go:28.55,31.23 1 0
RestApp/controller/controller.go:38.2,38.18 1 0
RestApp/controller/controller.go:31.23,37.3 4 0
RestApp/controller/controller.go:38.18,43.16 4 0
RestApp/controller/controller.go:43.16,49.4 5 0
RestApp/controller/controller.go:53.59,54.25 1 0
RestApp/controller/controller.go:65.2,65.18 1 0
RestApp/controller/controller.go:54.25,56.16 2 0
RestApp/controller/controller.go:59.3,61.20 3 0
RestApp/controller/controller.go:56.16,58.4 1 0
RestApp/controller/controller.go:65.18,80.15 5 0
RestApp/controller/controller.go:85.3,87.20 3 0
RestApp/controller/controller.go:80.15,83.4 2 0
RestApp/controller/controller.go:92.61,93.22 1 1
RestApp/controller/controller.go:108.2,122.15 3 1
RestApp/controller/controller.go:126.2,131.19 6 1
RestApp/controller/controller.go:93.22,96.15 2 0
RestApp/controller/controller.go:100.3,102.20 3 0
RestApp/controller/controller.go:96.15,98.4 1 0
RestApp/controller/controller.go:122.15,124.3 1 0
